<?xml version="1.0" encoding="UTF-8"?>
<!-- Generated by org.testng.reporters.JUnitXMLReporter -->
<testsuite ignored="0" hostname="DESKTOP-UC0UDRQ" failures="1" tests="1" name="Test" time="24.602" errors="0" timestamp="2025-04-07T13:53:13 IST">
  <testcase classname="testCases.Tc01_ManageUser" name="verify_User_Registration" time="15.819">
    <failure type="java.lang.AssertionError" message="null">
      <![CDATA[java.lang.AssertionError: null
at testCases.Tc01_ManageUser.verify_User_Registration(Tc01_ManageUser.java:74)
at java.base/java.util.ArrayList.forEach(ArrayList.java:1511)
... Removed 29 stack frames]]>
    </failure>
  </testcase> <!-- verify_User_Registration -->
</testsuite> <!-- Test -->
